# cmp
compile: version "go1.22.0" does not match go tool version "go1.24.0"
# internal/goarch
compile: version "go1.22.0" does not match go tool version "go1.24.0"
# math/bits
compile: version "go1.22.0" does not match go tool version "go1.24.0"
# internal/race
compile: version "go1.22.0" does not match go tool version "go1.24.0"
# unicode
compile: version "go1.22.0" does not match go tool version "go1.24.0"
# internal/itoa
compile: version "go1.22.0" does not match go tool version "go1.24.0"
# internal/unsafeheader
compile: version "go1.22.0" does not match go tool version "go1.24.0"
# internal/goexperiment
compile: version "go1.22.0" does not match go tool version "go1.24.0"
# internal/goos
compile: version "go1.22.0" does not match go tool version "go1.24.0"
# unicode/utf8
compile: version "go1.22.0" does not match go tool version "go1.24.0"
# internal/coverage/rtcov
compile: version "go1.22.0" does not match go tool version "go1.24.0"
# encoding
compile: version "go1.22.0" does not match go tool version "go1.24.0"
# log/internal
compile: version "go1.22.0" does not match go tool version "go1.24.0"
# internal/godebugs
compile: version "go1.22.0" does not match go tool version "go1.24.0"
# internal/goversion
compile: version "go1.22.0" does not match go tool version "go1.24.0"
# golang.org/x/tools/internal/packagesinternal
compile: version "go1.22.0" does not match go tool version "go1.24.0"
# internal/platform
compile: version "go1.22.0" does not match go tool version "go1.24.0"
# runtime/internal/syscall
compile: version "go1.22.0" does not match go tool version "go1.24.0"
# crypto/internal/alias
compile: version "go1.22.0" does not match go tool version "go1.24.0"
# sync/atomic
compile: version "go1.22.0" does not match go tool version "go1.24.0"
# container/list
compile: version "go1.22.0" does not match go tool version "go1.24.0"
# unicode/utf16
compile: version "go1.22.0" does not match go tool version "go1.24.0"
# vendor/golang.org/x/crypto/cryptobyte/asn1
compile: version "go1.22.0" does not match go tool version "go1.24.0"
# runtime/internal/atomic
compile: version "go1.22.0" does not match go tool version "go1.24.0"
# internal/nettrace
compile: version "go1.22.0" does not match go tool version "go1.24.0"
# vendor/golang.org/x/crypto/internal/alias
compile: version "go1.22.0" does not match go tool version "go1.24.0"
# crypto/internal/boring/sig
compile: version "go1.22.0" does not match go tool version "go1.24.0"
# crypto/subtle
compile: version "go1.22.0" does not match go tool version "go1.24.0"
# internal/cpu
compile: version "go1.22.0" does not match go tool version "go1.24.0"
